[2026-06-03 08:42:11] Starting SQLite backups to /home/admin/backups/sqlite/20260603
[2026-06-03 08:42:11] OK  personal.db  (188 KB) -> /home/admin/backups/sqlite/20260603/personal.db
[2026-06-03 08:42:11] OK  team-knowledge.db  (196 KB) -> /home/admin/backups/sqlite/20260603/team-knowledge.db
[2026-06-03 08:42:11] OK  kamer-ecommerce.db  (60 KB) -> /home/admin/backups/sqlite/20260603/kamer-ecommerce.db
[2026-06-03 08:42:11] OK  geldstroom-regie.db  (48 KB) -> /home/admin/backups/sqlite/20260603/geldstroom-regie.db
[2026-06-03 08:42:11] SQLite backup complete.
[2026-06-04 02:30:01] Starting SQLite backups to /home/admin/backups/sqlite/20260604
[2026-06-04 02:30:01] Starting SQLite backups to /home/admin/backups/sqlite/20260604
[2026-06-04 02:30:02] OK  personal.db  (188 KB) -> /home/admin/backups/sqlite/20260604/personal.db
[2026-06-04 02:30:02] OK  team-knowledge.db  (224 KB) -> /home/admin/backups/sqlite/20260604/team-knowledge.db
[2026-06-04 02:30:02] OK  kamer-ecommerce.db  (60 KB) -> /home/admin/backups/sqlite/20260604/kamer-ecommerce.db
[2026-06-04 02:30:02] OK  geldstroom-regie.db  (48 KB) -> /home/admin/backups/sqlite/20260604/geldstroom-regie.db
[2026-06-04 02:30:02] OK  personal.db  (188 KB) -> /home/admin/backups/sqlite/20260604/personal.db
[2026-06-04 02:30:02] OK  team-knowledge.db  (224 KB) -> /home/admin/backups/sqlite/20260604/team-knowledge.db
[2026-06-04 02:30:02] OK  kamer-ecommerce.db  (60 KB) -> /home/admin/backups/sqlite/20260604/kamer-ecommerce.db
[2026-06-04 02:30:02] OK  geldstroom-regie.db  (48 KB) -> /home/admin/backups/sqlite/20260604/geldstroom-regie.db
[2026-06-04 02:30:02] SQLite backup complete.
[2026-06-04 02:30:02] SQLite backup complete.
[2026-06-05 02:30:01] Starting SQLite backups to /home/admin/backups/sqlite/20260605
[2026-06-05 02:30:01] Starting SQLite backups to /home/admin/backups/sqlite/20260605
[2026-06-05 02:30:01] OK  personal.db  (188 KB) -> /home/admin/backups/sqlite/20260605/personal.db
[2026-06-05 02:30:01] OK  team-knowledge.db  (232 KB) -> /home/admin/backups/sqlite/20260605/team-knowledge.db
[2026-06-05 02:30:01] OK  kamer-ecommerce.db  (60 KB) -> /home/admin/backups/sqlite/20260605/kamer-ecommerce.db
[2026-06-05 02:30:01] OK  geldstroom-regie.db  (48 KB) -> /home/admin/backups/sqlite/20260605/geldstroom-regie.db
[2026-06-05 02:30:01] OK  personal.db  (188 KB) -> /home/admin/backups/sqlite/20260605/personal.db
[2026-06-05 02:30:01] OK  team-knowledge.db  (232 KB) -> /home/admin/backups/sqlite/20260605/team-knowledge.db
[2026-06-05 02:30:01] OK  kamer-ecommerce.db  (60 KB) -> /home/admin/backups/sqlite/20260605/kamer-ecommerce.db
[2026-06-05 02:30:01] OK  geldstroom-regie.db  (48 KB) -> /home/admin/backups/sqlite/20260605/geldstroom-regie.db
[2026-06-05 02:30:01] SQLite backup complete.
[2026-06-05 02:30:01] SQLite backup complete.
[2026-06-06 02:30:01] Starting SQLite backups to /home/admin/backups/sqlite/20260606
[2026-06-06 02:30:01] Starting SQLite backups to /home/admin/backups/sqlite/20260606
[2026-06-06 02:30:01] OK  personal.db  (188 KB) -> /home/admin/backups/sqlite/20260606/personal.db
[2026-06-06 02:30:01] OK  team-knowledge.db  (240 KB) -> /home/admin/backups/sqlite/20260606/team-knowledge.db
[2026-06-06 02:30:01] OK  kamer-ecommerce.db  (60 KB) -> /home/admin/backups/sqlite/20260606/kamer-ecommerce.db
[2026-06-06 02:30:01] OK  geldstroom-regie.db  (48 KB) -> /home/admin/backups/sqlite/20260606/geldstroom-regie.db
[2026-06-06 02:30:01] OK  personal.db  (188 KB) -> /home/admin/backups/sqlite/20260606/personal.db
[2026-06-06 02:30:01] OK  team-knowledge.db  (240 KB) -> /home/admin/backups/sqlite/20260606/team-knowledge.db
[2026-06-06 02:30:01] OK  kamer-ecommerce.db  (60 KB) -> /home/admin/backups/sqlite/20260606/kamer-ecommerce.db
[2026-06-06 02:30:01] OK  geldstroom-regie.db  (48 KB) -> /home/admin/backups/sqlite/20260606/geldstroom-regie.db
[2026-06-06 02:30:01] SQLite backup complete.
[2026-06-06 02:30:01] SQLite backup complete.
[2026-06-07 02:30:01] Starting SQLite backups to /home/admin/backups/sqlite/20260607
[2026-06-07 02:30:01] Starting SQLite backups to /home/admin/backups/sqlite/20260607
[2026-06-07 02:30:01] OK  personal.db  (188 KB) -> /home/admin/backups/sqlite/20260607/personal.db
[2026-06-07 02:30:01] OK  team-knowledge.db  (248 KB) -> /home/admin/backups/sqlite/20260607/team-knowledge.db
[2026-06-07 02:30:01] OK  kamer-ecommerce.db  (60 KB) -> /home/admin/backups/sqlite/20260607/kamer-ecommerce.db
[2026-06-07 02:30:01] OK  geldstroom-regie.db  (48 KB) -> /home/admin/backups/sqlite/20260607/geldstroom-regie.db
[2026-06-07 02:30:01] OK  personal.db  (188 KB) -> /home/admin/backups/sqlite/20260607/personal.db
[2026-06-07 02:30:01] OK  team-knowledge.db  (248 KB) -> /home/admin/backups/sqlite/20260607/team-knowledge.db
[2026-06-07 02:30:01] OK  kamer-ecommerce.db  (60 KB) -> /home/admin/backups/sqlite/20260607/kamer-ecommerce.db
[2026-06-07 02:30:01] OK  geldstroom-regie.db  (48 KB) -> /home/admin/backups/sqlite/20260607/geldstroom-regie.db
[2026-06-07 02:30:01] SQLite backup complete.
[2026-06-07 02:30:01] SQLite backup complete.
[2026-06-08 02:30:01] Starting SQLite backups to /home/admin/backups/sqlite/20260608
[2026-06-08 02:30:01] Starting SQLite backups to /home/admin/backups/sqlite/20260608
[2026-06-08 02:30:01] OK  personal.db  (192 KB) -> /home/admin/backups/sqlite/20260608/personal.db
[2026-06-08 02:30:01] OK  team-knowledge.db  (316 KB) -> /home/admin/backups/sqlite/20260608/team-knowledge.db
[2026-06-08 02:30:01] OK  kamer-ecommerce.db  (60 KB) -> /home/admin/backups/sqlite/20260608/kamer-ecommerce.db
[2026-06-08 02:30:01] OK  geldstroom-regie.db  (48 KB) -> /home/admin/backups/sqlite/20260608/geldstroom-regie.db
[2026-06-08 02:30:01] OK  personal.db  (192 KB) -> /home/admin/backups/sqlite/20260608/personal.db
[2026-06-08 02:30:01] OK  team-knowledge.db  (316 KB) -> /home/admin/backups/sqlite/20260608/team-knowledge.db
[2026-06-08 02:30:01] OK  kamer-ecommerce.db  (60 KB) -> /home/admin/backups/sqlite/20260608/kamer-ecommerce.db
[2026-06-08 02:30:01] OK  geldstroom-regie.db  (48 KB) -> /home/admin/backups/sqlite/20260608/geldstroom-regie.db
[2026-06-08 02:30:01] SQLite backup complete.
[2026-06-08 02:30:01] SQLite backup complete.
[2026-06-09 02:30:01] Starting SQLite backups to /home/admin/backups/sqlite/20260609
[2026-06-09 02:30:01] Starting SQLite backups to /home/admin/backups/sqlite/20260609
[2026-06-09 02:30:01] OK  personal.db  (192 KB) -> /home/admin/backups/sqlite/20260609/personal.db
[2026-06-09 02:30:01] OK  team-knowledge.db  (348 KB) -> /home/admin/backups/sqlite/20260609/team-knowledge.db
[2026-06-09 02:30:01] OK  kamer-ecommerce.db  (60 KB) -> /home/admin/backups/sqlite/20260609/kamer-ecommerce.db
[2026-06-09 02:30:01] OK  geldstroom-regie.db  (48 KB) -> /home/admin/backups/sqlite/20260609/geldstroom-regie.db
[2026-06-09 02:30:01] OK  personal.db  (192 KB) -> /home/admin/backups/sqlite/20260609/personal.db
[2026-06-09 02:30:01] OK  team-knowledge.db  (348 KB) -> /home/admin/backups/sqlite/20260609/team-knowledge.db
[2026-06-09 02:30:01] OK  kamer-ecommerce.db  (60 KB) -> /home/admin/backups/sqlite/20260609/kamer-ecommerce.db
[2026-06-09 02:30:01] OK  geldstroom-regie.db  (48 KB) -> /home/admin/backups/sqlite/20260609/geldstroom-regie.db
[2026-06-09 02:30:01] SQLite backup complete.
[2026-06-09 02:30:01] SQLite backup complete.
[2026-06-10 02:30:01] Starting SQLite backups to /home/admin/backups/sqlite/20260610
[2026-06-10 02:30:01] Starting SQLite backups to /home/admin/backups/sqlite/20260610
[2026-06-10 02:30:01] OK  personal.db  (192 KB) -> /home/admin/backups/sqlite/20260610/personal.db
[2026-06-10 02:30:01] OK  team-knowledge.db  (348 KB) -> /home/admin/backups/sqlite/20260610/team-knowledge.db
[2026-06-10 02:30:01] OK  kamer-ecommerce.db  (60 KB) -> /home/admin/backups/sqlite/20260610/kamer-ecommerce.db
[2026-06-10 02:30:01] OK  geldstroom-regie.db  (48 KB) -> /home/admin/backups/sqlite/20260610/geldstroom-regie.db
[2026-06-10 02:30:01] OK  personal.db  (192 KB) -> /home/admin/backups/sqlite/20260610/personal.db
[2026-06-10 02:30:01] OK  team-knowledge.db  (348 KB) -> /home/admin/backups/sqlite/20260610/team-knowledge.db
[2026-06-10 02:30:01] OK  kamer-ecommerce.db  (60 KB) -> /home/admin/backups/sqlite/20260610/kamer-ecommerce.db
[2026-06-10 02:30:01] OK  geldstroom-regie.db  (48 KB) -> /home/admin/backups/sqlite/20260610/geldstroom-regie.db
[2026-06-10 02:30:01] SQLite backup complete.
[2026-06-10 02:30:01] SQLite backup complete.
[2026-06-11 02:30:01] Starting SQLite backups to /home/admin/backups/sqlite/20260611
[2026-06-11 02:30:01] Starting SQLite backups to /home/admin/backups/sqlite/20260611
[2026-06-11 02:30:01] OK  personal.db  (192 KB) -> /home/admin/backups/sqlite/20260611/personal.db
[2026-06-11 02:30:01] OK  team-knowledge.db  (348 KB) -> /home/admin/backups/sqlite/20260611/team-knowledge.db
[2026-06-11 02:30:01] OK  kamer-ecommerce.db  (60 KB) -> /home/admin/backups/sqlite/20260611/kamer-ecommerce.db
[2026-06-11 02:30:01] OK  geldstroom-regie.db  (48 KB) -> /home/admin/backups/sqlite/20260611/geldstroom-regie.db
[2026-06-11 02:30:01] OK  personal.db  (192 KB) -> /home/admin/backups/sqlite/20260611/personal.db
[2026-06-11 02:30:01] OK  team-knowledge.db  (348 KB) -> /home/admin/backups/sqlite/20260611/team-knowledge.db
[2026-06-11 02:30:01] OK  kamer-ecommerce.db  (60 KB) -> /home/admin/backups/sqlite/20260611/kamer-ecommerce.db
[2026-06-11 02:30:01] OK  geldstroom-regie.db  (48 KB) -> /home/admin/backups/sqlite/20260611/geldstroom-regie.db
[2026-06-11 02:30:01] SQLite backup complete.
[2026-06-11 02:30:01] SQLite backup complete.
[2026-06-12 02:30:01] Starting SQLite backups to /home/admin/backups/sqlite/20260612
[2026-06-12 02:30:01] Starting SQLite backups to /home/admin/backups/sqlite/20260612
[2026-06-12 02:30:01] OK  personal.db  (196 KB) -> /home/admin/backups/sqlite/20260612/personal.db
[2026-06-12 02:30:01] OK  team-knowledge.db  (348 KB) -> /home/admin/backups/sqlite/20260612/team-knowledge.db
[2026-06-12 02:30:01] OK  kamer-ecommerce.db  (60 KB) -> /home/admin/backups/sqlite/20260612/kamer-ecommerce.db
[2026-06-12 02:30:01] OK  geldstroom-regie.db  (48 KB) -> /home/admin/backups/sqlite/20260612/geldstroom-regie.db
[2026-06-12 02:30:01] OK  personal.db  (196 KB) -> /home/admin/backups/sqlite/20260612/personal.db
[2026-06-12 02:30:01] OK  team-knowledge.db  (348 KB) -> /home/admin/backups/sqlite/20260612/team-knowledge.db
[2026-06-12 02:30:01] OK  kamer-ecommerce.db  (60 KB) -> /home/admin/backups/sqlite/20260612/kamer-ecommerce.db
[2026-06-12 02:30:01] OK  geldstroom-regie.db  (48 KB) -> /home/admin/backups/sqlite/20260612/geldstroom-regie.db
[2026-06-12 02:30:01] Removed old sets:
[2026-06-12 02:30:01] Removed old sets:
/home/admin/backups/sqlite/20260603
/home/admin/backups/sqlite/20260603
[2026-06-12 02:30:01] SQLite backup complete.
[2026-06-12 02:30:01] SQLite backup complete.
[2026-06-13 02:30:01] Starting SQLite backups to /home/admin/backups/sqlite/20260613
[2026-06-13 02:30:01] Starting SQLite backups to /home/admin/backups/sqlite/20260613
[2026-06-13 02:30:01] OK  personal.db  (200 KB) -> /home/admin/backups/sqlite/20260613/personal.db
[2026-06-13 02:30:01] OK  team-knowledge.db  (364 KB) -> /home/admin/backups/sqlite/20260613/team-knowledge.db
[2026-06-13 02:30:01] OK  kamer-ecommerce.db  (60 KB) -> /home/admin/backups/sqlite/20260613/kamer-ecommerce.db
[2026-06-13 02:30:01] OK  geldstroom-regie.db  (48 KB) -> /home/admin/backups/sqlite/20260613/geldstroom-regie.db
[2026-06-13 02:30:01] OK  personal.db  (200 KB) -> /home/admin/backups/sqlite/20260613/personal.db
[2026-06-13 02:30:01] OK  team-knowledge.db  (364 KB) -> /home/admin/backups/sqlite/20260613/team-knowledge.db
[2026-06-13 02:30:01] OK  kamer-ecommerce.db  (60 KB) -> /home/admin/backups/sqlite/20260613/kamer-ecommerce.db
[2026-06-13 02:30:01] OK  geldstroom-regie.db  (48 KB) -> /home/admin/backups/sqlite/20260613/geldstroom-regie.db
[2026-06-13 02:30:01] Removed old sets:
[2026-06-13 02:30:01] Removed old sets:
/home/admin/backups/sqlite/20260604
/home/admin/backups/sqlite/20260605
/home/admin/backups/sqlite/20260604
/home/admin/backups/sqlite/20260605
[2026-06-13 02:30:01] SQLite backup complete.
[2026-06-13 02:30:01] SQLite backup complete.
[2026-06-14 02:30:01] Starting SQLite backups to /home/admin/backups/sqlite/20260614
[2026-06-14 02:30:01] Starting SQLite backups to /home/admin/backups/sqlite/20260614
[2026-06-14 02:30:01] OK  personal.db  (200 KB) -> /home/admin/backups/sqlite/20260614/personal.db
[2026-06-14 02:30:01] OK  team-knowledge.db  (368 KB) -> /home/admin/backups/sqlite/20260614/team-knowledge.db
[2026-06-14 02:30:01] OK  kamer-ecommerce.db  (60 KB) -> /home/admin/backups/sqlite/20260614/kamer-ecommerce.db
[2026-06-14 02:30:01] OK  geldstroom-regie.db  (48 KB) -> /home/admin/backups/sqlite/20260614/geldstroom-regie.db
[2026-06-14 02:30:01] OK  personal.db  (200 KB) -> /home/admin/backups/sqlite/20260614/personal.db
[2026-06-14 02:30:01] OK  team-knowledge.db  (368 KB) -> /home/admin/backups/sqlite/20260614/team-knowledge.db
[2026-06-14 02:30:01] OK  kamer-ecommerce.db  (60 KB) -> /home/admin/backups/sqlite/20260614/kamer-ecommerce.db
[2026-06-14 02:30:01] OK  geldstroom-regie.db  (48 KB) -> /home/admin/backups/sqlite/20260614/geldstroom-regie.db
[2026-06-14 02:30:01] SQLite backup complete.
[2026-06-14 02:30:01] SQLite backup complete.
[2026-06-15 02:30:01] Starting SQLite backups to /home/admin/backups/sqlite/20260615
[2026-06-15 02:30:01] Starting SQLite backups to /home/admin/backups/sqlite/20260615
[2026-06-15 02:30:02] OK  personal.db  (200 KB) -> /home/admin/backups/sqlite/20260615/personal.db
[2026-06-15 02:30:02] OK  team-knowledge.db  (368 KB) -> /home/admin/backups/sqlite/20260615/team-knowledge.db
[2026-06-15 02:30:02] OK  kamer-ecommerce.db  (60 KB) -> /home/admin/backups/sqlite/20260615/kamer-ecommerce.db
[2026-06-15 02:30:02] OK  geldstroom-regie.db  (48 KB) -> /home/admin/backups/sqlite/20260615/geldstroom-regie.db
[2026-06-15 02:30:02] OK  personal.db  (200 KB) -> /home/admin/backups/sqlite/20260615/personal.db
[2026-06-15 02:30:02] OK  team-knowledge.db  (368 KB) -> /home/admin/backups/sqlite/20260615/team-knowledge.db
[2026-06-15 02:30:02] OK  kamer-ecommerce.db  (60 KB) -> /home/admin/backups/sqlite/20260615/kamer-ecommerce.db
[2026-06-15 02:30:02] OK  geldstroom-regie.db  (48 KB) -> /home/admin/backups/sqlite/20260615/geldstroom-regie.db
[2026-06-15 02:30:02] Removed old sets:
[2026-06-15 02:30:02] Removed old sets:
/home/admin/backups/sqlite/20260606
/home/admin/backups/sqlite/20260607
/home/admin/backups/sqlite/20260606
/home/admin/backups/sqlite/20260607
[2026-06-15 02:30:02] SQLite backup complete.
[2026-06-15 02:30:02] SQLite backup complete.
[2026-06-16 02:30:01] Starting SQLite backups to /home/admin/backups/sqlite/20260616
[2026-06-16 02:30:01] Starting SQLite backups to /home/admin/backups/sqlite/20260616
[2026-06-16 02:30:01] OK  personal.db  (200 KB) -> /home/admin/backups/sqlite/20260616/personal.db
[2026-06-16 02:30:01] OK  team-knowledge.db  (384 KB) -> /home/admin/backups/sqlite/20260616/team-knowledge.db
[2026-06-16 02:30:01] OK  kamer-ecommerce.db  (60 KB) -> /home/admin/backups/sqlite/20260616/kamer-ecommerce.db
[2026-06-16 02:30:01] OK  geldstroom-regie.db  (48 KB) -> /home/admin/backups/sqlite/20260616/geldstroom-regie.db
[2026-06-16 02:30:01] OK  personal.db  (200 KB) -> /home/admin/backups/sqlite/20260616/personal.db
[2026-06-16 02:30:01] OK  team-knowledge.db  (384 KB) -> /home/admin/backups/sqlite/20260616/team-knowledge.db
[2026-06-16 02:30:01] OK  kamer-ecommerce.db  (60 KB) -> /home/admin/backups/sqlite/20260616/kamer-ecommerce.db
[2026-06-16 02:30:01] OK  geldstroom-regie.db  (48 KB) -> /home/admin/backups/sqlite/20260616/geldstroom-regie.db
[2026-06-16 02:30:01] Removed old sets:
[2026-06-16 02:30:01] Removed old sets:
/home/admin/backups/sqlite/20260608
/home/admin/backups/sqlite/20260608
[2026-06-16 02:30:01] SQLite backup complete.
[2026-06-16 02:30:01] SQLite backup complete.
[2026-06-17 02:30:01] Starting SQLite backups to /home/admin/backups/sqlite/20260617
[2026-06-17 02:30:01] Starting SQLite backups to /home/admin/backups/sqlite/20260617
[2026-06-17 02:30:01] OK  personal.db  (208 KB) -> /home/admin/backups/sqlite/20260617/personal.db
[2026-06-17 02:30:01] OK  team-knowledge.db  (400 KB) -> /home/admin/backups/sqlite/20260617/team-knowledge.db
[2026-06-17 02:30:01] OK  kamer-ecommerce.db  (60 KB) -> /home/admin/backups/sqlite/20260617/kamer-ecommerce.db
[2026-06-17 02:30:01] OK  geldstroom-regie.db  (48 KB) -> /home/admin/backups/sqlite/20260617/geldstroom-regie.db
[2026-06-17 02:30:01] OK  personal.db  (208 KB) -> /home/admin/backups/sqlite/20260617/personal.db
[2026-06-17 02:30:01] OK  team-knowledge.db  (400 KB) -> /home/admin/backups/sqlite/20260617/team-knowledge.db
[2026-06-17 02:30:01] OK  kamer-ecommerce.db  (60 KB) -> /home/admin/backups/sqlite/20260617/kamer-ecommerce.db
[2026-06-17 02:30:01] OK  geldstroom-regie.db  (48 KB) -> /home/admin/backups/sqlite/20260617/geldstroom-regie.db
[2026-06-17 02:30:01] SQLite backup complete.
[2026-06-17 02:30:01] SQLite backup complete.
[2026-06-18 02:30:01] Starting SQLite backups to /home/admin/backups/sqlite/20260618
[2026-06-18 02:30:01] Starting SQLite backups to /home/admin/backups/sqlite/20260618
[2026-06-18 02:30:01] OK  personal.db  (208 KB) -> /home/admin/backups/sqlite/20260618/personal.db
[2026-06-18 02:30:01] OK  team-knowledge.db  (408 KB) -> /home/admin/backups/sqlite/20260618/team-knowledge.db
[2026-06-18 02:30:01] OK  kamer-ecommerce.db  (60 KB) -> /home/admin/backups/sqlite/20260618/kamer-ecommerce.db
[2026-06-18 02:30:01] OK  geldstroom-regie.db  (48 KB) -> /home/admin/backups/sqlite/20260618/geldstroom-regie.db
[2026-06-18 02:30:01] OK  personal.db  (208 KB) -> /home/admin/backups/sqlite/20260618/personal.db
[2026-06-18 02:30:01] OK  team-knowledge.db  (408 KB) -> /home/admin/backups/sqlite/20260618/team-knowledge.db
[2026-06-18 02:30:01] OK  kamer-ecommerce.db  (60 KB) -> /home/admin/backups/sqlite/20260618/kamer-ecommerce.db
[2026-06-18 02:30:01] OK  geldstroom-regie.db  (48 KB) -> /home/admin/backups/sqlite/20260618/geldstroom-regie.db
[2026-06-18 02:30:01] Removed old sets:
[2026-06-18 02:30:01] Removed old sets:
/home/admin/backups/sqlite/20260609
/home/admin/backups/sqlite/20260610
/home/admin/backups/sqlite/20260609
/home/admin/backups/sqlite/20260610
[2026-06-18 02:30:01] SQLite backup complete.
[2026-06-18 02:30:01] SQLite backup complete.
[2026-06-19 02:30:01] Starting SQLite backups to /home/admin/backups/sqlite/20260619
[2026-06-19 02:30:01] Starting SQLite backups to /home/admin/backups/sqlite/20260619
[2026-06-19 02:30:01] OK  personal.db  (208 KB) -> /home/admin/backups/sqlite/20260619/personal.db
[2026-06-19 02:30:01] OK  team-knowledge.db  (412 KB) -> /home/admin/backups/sqlite/20260619/team-knowledge.db
[2026-06-19 02:30:01] OK  kamer-ecommerce.db  (60 KB) -> /home/admin/backups/sqlite/20260619/kamer-ecommerce.db
[2026-06-19 02:30:01] OK  geldstroom-regie.db  (48 KB) -> /home/admin/backups/sqlite/20260619/geldstroom-regie.db
[2026-06-19 02:30:01] OK  personal.db  (208 KB) -> /home/admin/backups/sqlite/20260619/personal.db
[2026-06-19 02:30:01] OK  team-knowledge.db  (412 KB) -> /home/admin/backups/sqlite/20260619/team-knowledge.db
[2026-06-19 02:30:01] OK  kamer-ecommerce.db  (60 KB) -> /home/admin/backups/sqlite/20260619/kamer-ecommerce.db
[2026-06-19 02:30:01] OK  geldstroom-regie.db  (48 KB) -> /home/admin/backups/sqlite/20260619/geldstroom-regie.db
[2026-06-19 02:30:01] Removed old sets:
[2026-06-19 02:30:01] Removed old sets:
/home/admin/backups/sqlite/20260611
/home/admin/backups/sqlite/20260611
[2026-06-19 02:30:01] SQLite backup complete.
[2026-06-19 02:30:01] SQLite backup complete.
