[2026-06-03 08:44:16] Starting n8n-postgres backup
[2026-06-03 08:44:16] Backup created: /home/admin/backups/n8n/20260603_n8n-postgres.sql (34M)
[2026-06-03 08:44:16] Done.
[2026-06-04 02:45:01] Starting n8n-postgres backup
[2026-06-04 02:45:02] Backup created: /home/admin/backups/n8n/20260604_n8n-postgres.sql (34M)
[2026-06-04 02:45:02] Done.
[2026-06-05 02:45:01] Starting n8n-postgres backup
[2026-06-05 02:45:01] Backup created: /home/admin/backups/n8n/20260605_n8n-postgres.sql (13M)
[2026-06-05 02:45:01] Done.
[2026-06-06 02:45:01] Starting n8n-postgres backup
[2026-06-06 02:45:01] Backup created: /home/admin/backups/n8n/20260606_n8n-postgres.sql (13M)
[2026-06-06 02:45:01] Done.
[2026-06-07 02:45:02] Starting n8n-postgres backup
[2026-06-07 02:45:02] Backup created: /home/admin/backups/n8n/20260607_n8n-postgres.sql (13M)
[2026-06-07 02:45:02] Done.
[2026-06-08 02:45:01] Starting n8n-postgres backup
[2026-06-08 02:45:02] Backup created: /home/admin/backups/n8n/20260608_n8n-postgres.sql (12M)
[2026-06-08 02:45:02] Done.
[2026-06-09 02:45:01] Starting n8n-postgres backup
[2026-06-09 02:45:02] Backup created: /home/admin/backups/n8n/20260609_n8n-postgres.sql (11M)
[2026-06-09 02:45:02] Done.
[2026-06-10 02:45:01] Starting n8n-postgres backup
[2026-06-10 02:45:01] Backup created: /home/admin/backups/n8n/20260610_n8n-postgres.sql (11M)
[2026-06-10 02:45:01] Done.
[2026-06-11 02:45:01] Starting n8n-postgres backup
[2026-06-11 02:45:01] Backup created: /home/admin/backups/n8n/20260611_n8n-postgres.sql (11M)
[2026-06-11 02:45:01] Done.
[2026-06-12 02:45:01] Starting n8n-postgres backup
[2026-06-12 02:45:01] Backup created: /home/admin/backups/n8n/20260612_n8n-postgres.sql (9.2M)
[2026-06-12 02:45:01] Removed old dumps:
/home/admin/backups/n8n/20260603_n8n-postgres.sql
[2026-06-12 02:45:01] Done.
[2026-06-13 02:45:01] Starting n8n-postgres backup
[2026-06-13 02:45:01] Backup created: /home/admin/backups/n8n/20260613_n8n-postgres.sql (9.2M)
[2026-06-13 02:45:01] Removed old dumps:
/home/admin/backups/n8n/20260604_n8n-postgres.sql
[2026-06-13 02:45:01] Done.
[2026-06-14 02:45:01] Starting n8n-postgres backup
[2026-06-14 02:45:01] Backup created: /home/admin/backups/n8n/20260614_n8n-postgres.sql (9.3M)
[2026-06-14 02:45:01] Removed old dumps:
/home/admin/backups/n8n/20260606_n8n-postgres.sql
/home/admin/backups/n8n/20260605_n8n-postgres.sql
[2026-06-14 02:45:01] Done.
[2026-06-15 02:45:01] Starting n8n-postgres backup
[2026-06-15 02:45:01] Backup created: /home/admin/backups/n8n/20260615_n8n-postgres.sql (9.2M)
[2026-06-15 02:45:01] Done.
[2026-06-16 02:45:01] Starting n8n-postgres backup
[2026-06-16 02:45:02] Backup created: /home/admin/backups/n8n/20260616_n8n-postgres.sql (3.9M)
[2026-06-16 02:45:02] Removed old dumps:
/home/admin/backups/n8n/20260607_n8n-postgres.sql
[2026-06-16 02:45:02] Done.
[2026-06-17 02:45:01] Starting n8n-postgres backup
[2026-06-17 02:45:02] Backup created: /home/admin/backups/n8n/20260617_n8n-postgres.sql (964K)
[2026-06-17 02:45:02] Removed old dumps:
/home/admin/backups/n8n/20260608_n8n-postgres.sql
/home/admin/backups/n8n/20260609_n8n-postgres.sql
[2026-06-17 02:45:02] Done.
[2026-06-18 02:45:01] Starting n8n-postgres backup
[2026-06-18 02:45:02] Backup created: /home/admin/backups/n8n/20260618_n8n-postgres.sql (956K)
[2026-06-18 02:45:02] Removed old dumps:
/home/admin/backups/n8n/20260610_n8n-postgres.sql
[2026-06-18 02:45:02] Done.
[2026-06-19 02:45:01] Starting n8n-postgres backup
[2026-06-19 02:45:01] Backup created: /home/admin/backups/n8n/20260619_n8n-postgres.sql (956K)
[2026-06-19 02:45:01] Done.
